# JRE version: OpenJDK Runtime Environment Temurin-17.0.8+7 (17.0.8+7) (build 17.0.8+7)
# Java VM: OpenJDK 64-Bit Server VM Temurin-17.0.8+7 (17.0.8+7, mixed mode, sharing, tiered, compressed oops, compressed class ptrs, g1 gc, windows-amd64)
GC Precious Log:
 CPUs: 12 total, 12 available
 Memory: 16122M
 Large Page Support: Disabled
 NUMA Support: Disabled
 Compressed Oops: Enabled (Zero based)
 Heap Region Size: 4M
 Heap Min Capacity: 8M
 Heap Initial Capacity: 252M
 Heap Max Capacity: 4608M
 Pre-touch: Disabled
 Parallel Workers: 10
 Concurrent Workers: 3
 Concurrent Refinement Workers: 10
 Periodic GC: Disabled
Heap:
 garbage-first heap   total 258048K, used 127098K [0x00000006e0000000, 0x0000000800000000)
  region size 4096K, 1 young (4096K), 1 survivors (4096K)
 Metaspace       used 122263K, committed 123200K, reserved 1179648K
  class space    used 15697K, committed 16128K, reserved 1048576K
GC Heap History (20 events):
Event: 339.573 GC heap after
{Heap after GC invocations=48 (full 0):
 garbage-first heap   total 172032K, used 115339K [0x00000006e0000000, 0x0000000800000000)
  region size 4096K, 1 young (4096K), 1 survivors (4096K)
 Metaspace       used 118131K, committed 118976K, reserved 1179648K
  class space    used 15226K, committed 15616K, reserved 1048576K
}
Event: 340.858 GC heap before
{Heap before GC invocations=48 (full 0):
 garbage-first heap   total 172032K, used 139915K [0x00000006e0000000, 0x0000000800000000)
  region size 4096K, 7 young (28672K), 1 survivors (4096K)
 Metaspace       used 119426K, committed 120256K, reserved 1179648K
  class space    used 15338K, committed 15744K, reserved 1048576K
}
Event: 340.863 GC heap after
{Heap after GC invocations=49 (full 0):
 garbage-first heap   total 172032K, used 118147K [0x00000006e0000000, 0x0000000800000000)
  region size 4096K, 1 young (4096K), 1 survivors (4096K)
 Metaspace       used 119426K, committed 120256K, reserved 1179648K
  class space    used 15338K, committed 15744K, reserved 1048576K
}
Event: 341.973 GC heap before
{Heap before GC invocations=50 (full 0):
 garbage-first heap   total 212992K, used 134531K [0x00000006e0000000, 0x0000000800000000)
  region size 4096K, 5 young (20480K), 1 survivors (4096K)
 Metaspace       used 120533K, committed 121472K, reserved 1179648K
  class space    used 15491K, committed 15936K, reserved 1048576K
}
Event: 341.981 GC heap after
{Heap after GC invocations=51 (full 0):
 garbage-first heap   total 212992K, used 120172K [0x00000006e0000000, 0x0000000800000000)
  region size 4096K, 1 young (4096K), 1 survivors (4096K)
 Metaspace       used 120533K, committed 121472K, reserved 1179648K
  class space    used 15491K, committed 15936K, reserved 1048576K
}
Event: 342.312 GC heap before
{Heap before GC invocations=51 (full 0):
 garbage-first heap   total 212992K, used 124268K [0x00000006e0000000, 0x0000000800000000)
  region size 4096K, 2 young (8192K), 1 survivors (4096K)
 Metaspace       used 120679K, committed 121600K, reserved 1179648K
  class space    used 15505K, committed 15936K, reserved 1048576K
}
Event: 342.322 GC heap after
{Heap after GC invocations=52 (full 0):
 garbage-first heap   total 212992K, used 107458K [0x00000006e0000000, 0x0000000800000000)
  region size 4096K, 1 young (4096K), 1 survivors (4096K)
 Metaspace       used 120679K, committed 121600K, reserved 1179648K
  class space    used 15505K, committed 15936K, reserved 1048576K
}
Event: 344.270 GC heap before
{Heap before GC invocations=52 (full 0):
 garbage-first heap   total 212992K, used 164802K [0x00000006e0000000, 0x0000000800000000)
  region size 4096K, 16 young (65536K), 1 survivors (4096K)
 Metaspace       used 121764K, committed 122688K, reserved 1179648K
  class space    used 15651K, committed 16064K, reserved 1048576K
}
Event: 344.278 GC heap after
{Heap after GC invocations=53 (full 0):
 garbage-first heap   total 212992K, used 113500K [0x00000006e0000000, 0x0000000800000000)
  region size 4096K, 2 young (8192K), 2 survivors (8192K)
 Metaspace       used 121764K, committed 122688K, reserved 1179648K
  class space    used 15651K, committed 16064K, reserved 1048576K
}
Event: 344.758 GC heap before
{Heap before GC invocations=53 (full 0):
 garbage-first heap   total 212992K, used 166748K [0x00000006e0000000, 0x0000000800000000)
  region size 4096K, 16 young (65536K), 2 survivors (8192K)
 Metaspace       used 121919K, committed 122752K, reserved 1179648K
  class space    used 15651K, committed 16064K, reserved 1048576K
}
Event: 344.764 GC heap after
{Heap after GC invocations=54 (full 0):
 garbage-first heap   total 212992K, used 115692K [0x00000006e0000000, 0x0000000800000000)
  region size 4096K, 1 young (4096K), 1 survivors (4096K)
 Metaspace       used 121919K, committed 122752K, reserved 1179648K
  class space    used 15651K, committed 16064K, reserved 1048576K
}
Event: 345.462 GC heap before
{Heap before GC invocations=54 (full 0):
 garbage-first heap   total 212992K, used 168940K [0x00000006e0000000, 0x0000000800000000)
  region size 4096K, 14 young (57344K), 1 survivors (4096K)
 Metaspace       used 122247K, committed 123200K, reserved 1179648K
  class space    used 15697K, committed 16128K, reserved 1048576K
}
Event: 346.478 GC heap after
{Heap after GC invocations=55 (full 0):
 garbage-first heap   total 258048K, used 117088K [0x00000006e0000000, 0x0000000800000000)
  region size 4096K, 1 young (4096K), 1 survivors (4096K)
 Metaspace       used 122247K, committed 123200K, reserved 1179648K
  class space    used 15697K, committed 16128K, reserved 1048576K
}
Event: 346.584 GC heap before
{Heap before GC invocations=55 (full 0):
 garbage-first heap   total 258048K, used 125280K [0x00000006e0000000, 0x0000000800000000)
  region size 4096K, 3 young (12288K), 1 survivors (4096K)
 Metaspace       used 122259K, committed 123200K, reserved 1179648K
  class space    used 15697K, committed 16128K, reserved 1048576K
}
Event: 346.590 GC heap after
{Heap after GC invocations=56 (full 0):
 garbage-first heap   total 258048K, used 119679K [0x00000006e0000000, 0x0000000800000000)
  region size 4096K, 1 young (4096K), 1 survivors (4096K)
 Metaspace       used 122259K, committed 123200K, reserved 1179648K
  class space    used 15697K, committed 16128K, reserved 1048576K
}
Event: 346.682 GC heap before
{Heap before GC invocations=56 (full 0):
 garbage-first heap   total 258048K, used 127871K [0x00000006e0000000, 0x0000000800000000)
  region size 4096K, 3 young (12288K), 1 survivors (4096K)
 Metaspace       used 122262K, committed 123200K, reserved 1179648K
  class space    used 15697K, committed 16128K, reserved 1048576K
}
Event: 346.688 GC heap after
{Heap after GC invocations=57 (full 0):
 garbage-first heap   total 258048K, used 121933K [0x00000006e0000000, 0x0000000800000000)
  region size 4096K, 1 young (4096K), 1 survivors (4096K)
 Metaspace       used 122262K, committed 123200K, reserved 1179648K
  class space    used 15697K, committed 16128K, reserved 1048576K
}
Event: 346.815 GC heap before
{Heap before GC invocations=57 (full 0):
 garbage-first heap   total 258048K, used 130125K [0x00000006e0000000, 0x0000000800000000)
  region size 4096K, 3 young (12288K), 1 survivors (4096K)
 Metaspace       used 122263K, committed 123200K, reserved 1179648K
  class space    used 15697K, committed 16128K, reserved 1048576K
}
Event: 346.820 GC heap after
{Heap after GC invocations=58 (full 0):
 garbage-first heap   total 258048K, used 124262K [0x00000006e0000000, 0x0000000800000000)
  region size 4096K, 1 young (4096K), 1 survivors (4096K)
 Metaspace       used 122263K, committed 123200K, reserved 1179648K
  class space    used 15697K, committed 16128K, reserved 1048576K
}
Event: 346.873 GC heap before
{Heap before GC invocations=58 (full 0):
 garbage-first heap   total 258048K, used 132454K [0x00000006e0000000, 0x0000000800000000)
  region size 4096K, 3 young (12288K), 1 survivors (4096K)
 Metaspace       used 122263K, committed 123200K, reserved 1179648K
  class space    used 15697K, committed 16128K, reserved 1048576K
}

