# JRE version: OpenJDK Runtime Environment Temurin-17.0.8+7 (17.0.8+7) (build 17.0.8+7)
# Java VM: OpenJDK 64-Bit Server VM Temurin-17.0.8+7 (17.0.8+7, mixed mode, sharing, tiered, compressed oops, compressed class ptrs, g1 gc, windows-amd64)
GC Precious Log:
 CPUs: 12 total, 12 available
 Memory: 16122M
 Large Page Support: Disabled
 NUMA Support: Disabled
 Compressed Oops: Enabled (Zero based)
 Heap Region Size: 4M
 Heap Min Capacity: 8M
 Heap Initial Capacity: 252M
 Heap Max Capacity: 4608M
 Pre-touch: Disabled
 Parallel Workers: 10
 Concurrent Workers: 3
 Concurrent Refinement Workers: 10
 Periodic GC: Disabled
Heap:
 garbage-first heap   total 258048K, used 90341K [0x00000006e0000000, 0x0000000800000000)
  region size 4096K, 1 young (4096K), 1 survivors (4096K)
 Metaspace       used 79776K, committed 80512K, reserved 1179648K
  class space    used 11243K, committed 11584K, reserved 1048576K
GC Heap History (20 events):
Event: 30.830 GC heap after
{Heap after GC invocations=25 (full 0):
 garbage-first heap   total 110592K, used 55670K [0x00000006e0000000, 0x0000000800000000)
  region size 4096K, 2 young (8192K), 2 survivors (8192K)
 Metaspace       used 68639K, committed 69312K, reserved 1114112K
  class space    used 9898K, committed 10176K, reserved 1048576K
}
Event: 31.575 GC heap before
{Heap before GC invocations=26 (full 0):
 garbage-first heap   total 110592K, used 80246K [0x00000006e0000000, 0x0000000800000000)
  region size 4096K, 9 young (36864K), 2 survivors (8192K)
 Metaspace       used 72416K, committed 73024K, reserved 1114112K
  class space    used 10360K, committed 10624K, reserved 1048576K
}
Event: 31.580 GC heap after
{Heap after GC invocations=27 (full 0):
 garbage-first heap   total 110592K, used 57031K [0x00000006e0000000, 0x0000000800000000)
  region size 4096K, 2 young (8192K), 2 survivors (8192K)
 Metaspace       used 72416K, committed 73024K, reserved 1114112K
  class space    used 10360K, committed 10624K, reserved 1048576K
}
Event: 31.696 GC heap before
{Heap before GC invocations=27 (full 0):
 garbage-first heap   total 110592K, used 65223K [0x00000006e0000000, 0x0000000800000000)
  region size 4096K, 3 young (12288K), 2 survivors (8192K)
 Metaspace       used 72810K, committed 73472K, reserved 1114112K
  class space    used 10433K, committed 10752K, reserved 1048576K
}
Event: 31.703 GC heap after
{Heap after GC invocations=28 (full 0):
 garbage-first heap   total 110592K, used 55880K [0x00000006e0000000, 0x0000000800000000)
  region size 4096K, 1 young (4096K), 1 survivors (4096K)
 Metaspace       used 72810K, committed 73472K, reserved 1114112K
  class space    used 10433K, committed 10752K, reserved 1048576K
}
Event: 31.900 GC heap before
{Heap before GC invocations=28 (full 0):
 garbage-first heap   total 110592K, used 55880K [0x00000006e0000000, 0x0000000800000000)
  region size 4096K, 3 young (12288K), 1 survivors (4096K)
 Metaspace       used 72811K, committed 73472K, reserved 1114112K
  class space    used 10433K, committed 10752K, reserved 1048576K
}
Event: 31.904 GC heap after
{Heap after GC invocations=29 (full 0):
 garbage-first heap   total 110592K, used 55645K [0x00000006e0000000, 0x0000000800000000)
  region size 4096K, 1 young (4096K), 1 survivors (4096K)
 Metaspace       used 72811K, committed 73472K, reserved 1114112K
  class space    used 10433K, committed 10752K, reserved 1048576K
}
Event: 32.523 GC heap before
{Heap before GC invocations=30 (full 0):
 garbage-first heap   total 118784K, used 100701K [0x00000006e0000000, 0x0000000800000000)
  region size 4096K, 9 young (36864K), 1 survivors (4096K)
 Metaspace       used 75558K, committed 76288K, reserved 1179648K
  class space    used 10754K, committed 11072K, reserved 1048576K
}
Event: 32.531 GC heap after
{Heap after GC invocations=31 (full 0):
 garbage-first heap   total 118784K, used 67463K [0x00000006e0000000, 0x0000000800000000)
  region size 4096K, 2 young (8192K), 2 survivors (8192K)
 Metaspace       used 75558K, committed 76288K, reserved 1179648K
  class space    used 10754K, committed 11072K, reserved 1048576K
}
Event: 32.548 GC heap before
{Heap before GC invocations=31 (full 0):
 garbage-first heap   total 118784K, used 71559K [0x00000006e0000000, 0x0000000800000000)
  region size 4096K, 3 young (12288K), 2 survivors (8192K)
 Metaspace       used 75558K, committed 76288K, reserved 1179648K
  class space    used 10754K, committed 11072K, reserved 1048576K
}
Event: 32.554 GC heap after
{Heap after GC invocations=32 (full 0):
 garbage-first heap   total 143360K, used 67522K [0x00000006e0000000, 0x0000000800000000)
  region size 4096K, 1 young (4096K), 1 survivors (4096K)
 Metaspace       used 75558K, committed 76288K, reserved 1179648K
  class space    used 10754K, committed 11072K, reserved 1048576K
}
Event: 33.052 GC heap before
{Heap before GC invocations=32 (full 0):
 garbage-first heap   total 143360K, used 108482K [0x00000006e0000000, 0x0000000800000000)
  region size 4096K, 12 young (49152K), 1 survivors (4096K)
 Metaspace       used 75686K, committed 76480K, reserved 1179648K
  class space    used 10760K, committed 11136K, reserved 1048576K
}
Event: 33.069 GC heap after
{Heap after GC invocations=33 (full 0):
 garbage-first heap   total 143360K, used 74670K [0x00000006e0000000, 0x0000000800000000)
  region size 4096K, 2 young (8192K), 2 survivors (8192K)
 Metaspace       used 75686K, committed 76480K, reserved 1179648K
  class space    used 10760K, committed 11136K, reserved 1048576K
}
Event: 33.238 GC heap before
{Heap before GC invocations=34 (full 0):
 garbage-first heap   total 151552K, used 103342K [0x00000006e0000000, 0x0000000800000000)
  region size 4096K, 9 young (36864K), 2 survivors (8192K)
 Metaspace       used 75689K, committed 76480K, reserved 1179648K
  class space    used 10760K, committed 11136K, reserved 1048576K
}
Event: 33.249 GC heap after
{Heap after GC invocations=35 (full 0):
 garbage-first heap   total 151552K, used 85220K [0x00000006e0000000, 0x0000000800000000)
  region size 4096K, 2 young (8192K), 2 survivors (8192K)
 Metaspace       used 75689K, committed 76480K, reserved 1179648K
  class space    used 10760K, committed 11136K, reserved 1048576K
}
Event: 33.267 GC heap before
{Heap before GC invocations=35 (full 0):
 garbage-first heap   total 151552K, used 85220K [0x00000006e0000000, 0x0000000800000000)
  region size 4096K, 3 young (12288K), 2 survivors (8192K)
 Metaspace       used 75689K, committed 76480K, reserved 1179648K
  class space    used 10760K, committed 11136K, reserved 1048576K
}
Event: 33.280 GC heap after
{Heap after GC invocations=36 (full 0):
 garbage-first heap   total 151552K, used 88244K [0x00000006e0000000, 0x0000000800000000)
  region size 4096K, 1 young (4096K), 1 survivors (4096K)
 Metaspace       used 75689K, committed 76480K, reserved 1179648K
  class space    used 10760K, committed 11136K, reserved 1048576K
}
Event: 33.576 GC heap before
{Heap before GC invocations=36 (full 0):
 garbage-first heap   total 151552K, used 112820K [0x00000006e0000000, 0x0000000800000000)
  region size 4096K, 7 young (28672K), 1 survivors (4096K)
 Metaspace       used 76593K, committed 77376K, reserved 1179648K
  class space    used 10880K, committed 11264K, reserved 1048576K
}
Event: 33.580 GC heap after
{Heap after GC invocations=37 (full 0):
 garbage-first heap   total 151552K, used 88454K [0x00000006e0000000, 0x0000000800000000)
  region size 4096K, 1 young (4096K), 1 survivors (4096K)
 Metaspace       used 76593K, committed 77376K, reserved 1179648K
  class space    used 10880K, committed 11264K, reserved 1048576K
}
Event: 34.077 GC heap before
{Heap before GC invocations=37 (full 0):
 garbage-first heap   total 151552K, used 108934K [0x00000006e0000000, 0x0000000800000000)
  region size 4096K, 7 young (28672K), 1 survivors (4096K)
 Metaspace       used 79776K, committed 80512K, reserved 1179648K
  class space    used 11243K, committed 11584K, reserved 1048576K
}

